  Using 'git status' to determine working set for adaptive non-unity build (E:\Github Repositories\First-CPP-UE4-Project).
  Deleted hot-reload file: E:\Github Repositories\First-CPP-UE4-Project\Upskill\Binaries\Win64\UE4Editor-Upskill-0013.dll
  Deleted hot-reload file: E:\Github Repositories\First-CPP-UE4-Project\Upskill\Binaries\Win64\UE4Editor-Upskill-0034.dll
  Deleted hot-reload file: E:\Github Repositories\First-CPP-UE4-Project\Upskill\Binaries\Win64\UE4Editor-Upskill-0045.dll
  Deleted hot-reload file: E:\Github Repositories\First-CPP-UE4-Project\Upskill\Binaries\Win64\UE4Editor-Upskill-0050.dll
  Deleted hot-reload file: E:\Github Repositories\First-CPP-UE4-Project\Upskill\Binaries\Win64\UE4Editor-Upskill-0072.dll
  Deleted hot-reload file: E:\Github Repositories\First-CPP-UE4-Project\Upskill\Intermediate\Build\Win64\UE4Editor\Development\Upskill\UE4Editor-Upskill-0013.lib
  Deleted hot-reload file: E:\Github Repositories\First-CPP-UE4-Project\Upskill\Intermediate\Build\Win64\UE4Editor\Development\Upskill\UE4Editor-Upskill-0034.lib
  Deleted hot-reload file: E:\Github Repositories\First-CPP-UE4-Project\Upskill\Intermediate\Build\Win64\UE4Editor\Development\Upskill\UE4Editor-Upskill-0045.lib
  Deleted hot-reload file: E:\Github Repositories\First-CPP-UE4-Project\Upskill\Intermediate\Build\Win64\UE4Editor\Development\Upskill\UE4Editor-Upskill-0050.lib
  Deleted hot-reload file: E:\Github Repositories\First-CPP-UE4-Project\Upskill\Intermediate\Build\Win64\UE4Editor\Development\Upskill\UE4Editor-Upskill-0063.lib
  Deleted hot-reload file: E:\Github Repositories\First-CPP-UE4-Project\Upskill\Intermediate\Build\Win64\UE4Editor\Development\Upskill\UE4Editor-Upskill-0065.lib
  Deleted hot-reload file: E:\Github Repositories\First-CPP-UE4-Project\Upskill\Intermediate\Build\Win64\UE4Editor\Development\Upskill\UE4Editor-Upskill-0066.lib
  Deleted hot-reload file: E:\Github Repositories\First-CPP-UE4-Project\Upskill\Intermediate\Build\Win64\UE4Editor\Development\Upskill\UE4Editor-Upskill-0072.lib
  Building UpskillEditor...
  Using Visual Studio 2017 14.16.27045 toolchain (C:\Program Files (x86)\Microsoft Visual Studio\2017\Community\VC\Tools\MSVC\14.16.27023) and Windows 10.0.17763.0 SDK (C:\Program Files (x86)\Windows Kits\10).
  Building 3 actions with 8 processes...
    [1/3] UE4Editor-Upskill.lib
       Creating library E:\Github Repositories\First-CPP-UE4-Project\Upskill\Intermediate\Build\Win64\UE4Editor\Development\Upskill\UE4Editor-Upskill.lib and object E:\Github Repositories\First-CPP-UE4-Project\Upskill\Intermediate\Build\Win64\UE4Editor\Development\Upskill\UE4Editor-Upskill.exp
    [2/3] UE4Editor-Upskill.dll
       Creating library E:\Github Repositories\First-CPP-UE4-Project\Upskill\Intermediate\Build\Win64\UE4Editor\Development\Upskill\UE4Editor-Upskill.suppressed.lib and object E:\Github Repositories\First-CPP-UE4-Project\Upskill\Intermediate\Build\Win64\UE4Editor\Development\Upskill\UE4Editor-Upskill.suppressed.exp
    [3/3] UpskillEditor.target
  Total time in Parallel executor: 3.15 seconds
  Total execution time: 4.22 seconds
